Using pre-set license
Built from '2021.3/staging' branch; Version is '2021.3.14f1 (eee1884e7226) revision 15655304'; Using compiler version '192829333'; Build Type 'Release'
OS: 'Windows 10  (10.0.19045) 64bit Education' Language: 'ko' Physical Memory: 16318 MB
BatchMode: 1, IsHumanControllingUs: 0, StartBugReporterOnCrash: 0, Is64bit: 1, IsPro: 1

COMMAND LINE ARGUMENTS:
C:\Program Files\Unity\Hub\Editor\2021.3.14f1\Editor\Unity.exe
-adb2
-batchMode
-noUpm
-name
AssetImportWorker0
-projectPath
C:/Users/Administrator/Desktop/새 폴더 (3)/Crawl-Web-Pages/SnakeLike
-logFile
Logs/AssetImportWorker0.log
-srvPort
63673
Successfully changed project path to: C:/Users/Administrator/Desktop/새 폴더 (3)/Crawl-Web-Pages/SnakeLike
C:/Users/Administrator/Desktop/새 폴더 (3)/Crawl-Web-Pages/SnakeLike
[UnityMemory] Configuration Parameters - Can be set up in boot.config
    "memorysetup-bucket-allocator-granularity=16"
    "memorysetup-bucket-allocator-bucket-count=8"
    "memorysetup-bucket-allocator-block-size=33554432"
    "memorysetup-bucket-allocator-block-count=8"
    "memorysetup-main-allocator-block-size=16777216"
    "memorysetup-thread-allocator-block-size=16777216"
    "memorysetup-gfx-main-allocator-block-size=16777216"
    "memorysetup-gfx-thread-allocator-block-size=16777216"
    "memorysetup-cache-allocator-block-size=4194304"
    "memorysetup-typetree-allocator-block-size=2097152"
    "memorysetup-profiler-bucket-allocator-granularity=16"
    "memorysetup-profiler-bucket-allocator-bucket-count=8"
    "memorysetup-profiler-bucket-allocator-block-size=33554432"
    "memorysetup-profiler-bucket-allocator-block-count=8"
    "memorysetup-profiler-allocator-block-size=16777216"
    "memorysetup-profiler-editor-allocator-block-size=1048576"
    "memorysetup-temp-allocator-size-main=16777216"
    "memorysetup-job-temp-allocator-block-size=2097152"
    "memorysetup-job-temp-allocator-block-size-background=1048576"
    "memorysetup-job-temp-allocator-reduction-small-platforms=262144"
    "memorysetup-temp-allocator-size-background-worker=32768"
    "memorysetup-temp-allocator-size-job-worker=262144"
    "memorysetup-temp-allocator-size-preload-manager=33554432"
    "memorysetup-temp-allocator-size-nav-mesh-worker=65536"
    "memorysetup-temp-allocator-size-audio-worker=65536"
    "memorysetup-temp-allocator-size-cloud-worker=32768"
    "memorysetup-temp-allocator-size-gi-baking-worker=262144"
    "memorysetup-temp-allocator-size-gfx=262144"
Refreshing native plugins compatible for Editor in 138.26 ms, found 4 plugins.
Preloading 0 native plugins for Editor in 0.00 ms.
Initialize engine version: 2021.3.14f1 (eee1884e7226)
[Subsystems] Discovering subsystems at path C:/Program Files/Unity/Hub/Editor/2021.3.14f1/Editor/Data/Resources/UnitySubsystems
[Subsystems] Discovering subsystems at path C:/Users/Administrator/Desktop/새 폴더 (3)/Crawl-Web-Pages/SnakeLike/Assets
GfxDevice: creating device client; threaded=0; jobified=0
Direct3D:
    Version:  Direct3D 11.0 [level 11.1]
    Renderer: NVIDIA GeForce GTX 1660 (ID=0x2184)
    Vendor:   NVIDIA
    VRAM:     5991 MB
    Driver:   31.0.15.1694
Initialize mono
Mono path[0] = 'C:/Program Files/Unity/Hub/Editor/2021.3.14f1/Editor/Data/Managed'
Mono path[1] = 'C:/Program Files/Unity/Hub/Editor/2021.3.14f1/Editor/Data/MonoBleedingEdge/lib/mono/unityjit-win32'
Mono config path = 'C:/Program Files/Unity/Hub/Editor/2021.3.14f1/Editor/Data/MonoBleedingEdge/etc'
Using monoOptions --debugger-agent=transport=dt_socket,embedding=1,server=y,suspend=n,address=127.0.0.1:56748
Begin MonoManager ReloadAssembly
Registering precompiled unity dll's ...
Register platform support module: C:/Program Files/Unity/Hub/Editor/2021.3.14f1/Editor/Data/PlaybackEngines/WindowsStandaloneSupport/UnityEditor.WindowsStandalone.Extensions.dll
Registered in 0.012729 seconds.
Native extension for WindowsStandalone target not found
Refreshing native plugins compatible for Editor in 121.11 ms, found 4 plugins.
Preloading 0 native plugins for Editor in 0.00 ms.
Mono: successfully reloaded assembly
- Completed reload, in  0.894 seconds
Domain Reload Profiling:
	ReloadAssembly (895ms)
		BeginReloadAssembly (112ms)
			ExecutionOrderSort (0ms)
			DisableScriptedObjects (0ms)
			BackupInstance (0ms)
			ReleaseScriptingObjects (0ms)
			CreateAndSetChildDomain (1ms)
		EndReloadAssembly (639ms)
			LoadAssemblies (109ms)
			RebuildTransferFunctionScriptingTraits (0ms)
			SetupTypeCache (131ms)
			ReleaseScriptCaches (0ms)
			RebuildScriptCaches (54ms)
			SetupLoadedEditorAssemblies (386ms)
				LogAssemblyErrors (0ms)
				InitializePlatformSupportModulesInManaged (28ms)
				SetLoadedEditorAssemblies (0ms)
				RefreshPlugins (121ms)
				BeforeProcessingInitializeOnLoad (3ms)
				ProcessInitializeOnLoadAttributes (171ms)
				ProcessInitializeOnLoadMethodAttributes (61ms)
				AfterProcessingInitializeOnLoad (0ms)
				EditorAssembliesLoaded (0ms)
			ExecutionOrderSort2 (0ms)
			AwakeInstancesAfterBackupRestoration (0ms)
Platform modules already initialized, skipping
Registering precompiled user dll's ...
Registered in 0.014190 seconds.
Begin MonoManager ReloadAssembly
Symbol file LoadedFromMemory doesn't match image C:\Users\Administrator\Desktop\새 폴더 (3)\Crawl-Web-Pages\SnakeLike\Library\PackageCache\com.unity.visualscripting@1.7.8\Editor\VisualScripting.Core\Dependencies\YamlDotNet\Unity.VisualScripting.YamlDotNet.dll
Symbol file LoadedFromMemory doesn't match image C:\Users\Administrator\Desktop\새 폴더 (3)\Crawl-Web-Pages\SnakeLike\Library\PackageCache\com.unity.visualscripting@1.7.8\Editor\VisualScripting.Core\Dependencies\DotNetZip\Unity.VisualScripting.IonicZip.dll
Native extension for WindowsStandalone target not found
Refreshing native plugins compatible for Editor in 110.75 ms, found 4 plugins.
Preloading 0 native plugins for Editor in 0.00 ms.
Mono: successfully reloaded assembly
- Completed reload, in  1.501 seconds
Domain Reload Profiling:
	ReloadAssembly (1502ms)
		BeginReloadAssembly (153ms)
			ExecutionOrderSort (0ms)
			DisableScriptedObjects (7ms)
			BackupInstance (0ms)
			ReleaseScriptingObjects (0ms)
			CreateAndSetChildDomain (30ms)
		EndReloadAssembly (1204ms)
			LoadAssemblies (136ms)
			RebuildTransferFunctionScriptingTraits (0ms)
			SetupTypeCache (313ms)
			ReleaseScriptCaches (1ms)
			RebuildScriptCaches (74ms)
			SetupLoadedEditorAssemblies (624ms)
				LogAssemblyErrors (0ms)
				InitializePlatformSupportModulesInManaged (6ms)
				SetLoadedEditorAssemblies (0ms)
				RefreshPlugins (111ms)
				BeforeProcessingInitializeOnLoad (135ms)
				ProcessInitializeOnLoadAttributes (296ms)
				ProcessInitializeOnLoadMethodAttributes (62ms)
				AfterProcessingInitializeOnLoad (14ms)
				EditorAssembliesLoaded (0ms)
			ExecutionOrderSort2 (0ms)
			AwakeInstancesAfterBackupRestoration (8ms)
Platform modules already initialized, skipping
========================================================================
Worker process is ready to serve import requests
Launched and connected shader compiler UnityShaderCompiler.exe after 0.05 seconds
Refreshing native plugins compatible for Editor in 1.95 ms, found 4 plugins.
Preloading 0 native plugins for Editor in 0.00 ms.
Unloading 4049 Unused Serialized files (Serialized files now loaded: 0)
Unloading 44 unused Assets / (228.9 KB). Loaded Objects now: 4501.
Memory consumption went from 155.3 MB to 155.1 MB.
Total: 6.446500 ms (FindLiveObjects: 0.640000 ms CreateObjectMapping: 0.750000 ms MarkObjects: 4.799800 ms  DeleteObjects: 0.255400 ms)

AssetImportParameters requested are different than current active one (requested -> active):
  custom:video-decoder-ogg-theora: a1e56fd34408186e4bbccfd4996cb3dc -> 
  custom:container-muxer-webm: aa71ff27fc2769a1b78a27578f13a17b -> 
  custom:container-demuxer-webm: 4f35f7cbe854078d1ac9338744f61a02 -> 
  custom:video-encoder-webm-vp8: eb34c28f22e8b96e1ab97ce403110664 -> 
  custom:audio-encoder-webm-vorbis: bf7c407c2cedff20999df2af8eb42d56 -> 
  custom:framework-win-MediaFoundation: 216162199b28c13a410421893ffa2e32 -> 
  custom:container-demuxer-ogg: 62fdf1f143b41e24485cea50d1cbac27 -> 
  custom:video-decoder-webm-vp8: 9c59270c3fd7afecdb556c50c9e8de78 -> 
  custom:audio-decoder-ogg-vorbis: bf7c407c2cedff20999df2af8eb42d56 -> 
========================================================================
Received Import Request.
  Time since last request: 209567.441702 seconds.
  path: Assets/king-g4b8207ca8_1920.jpg
  artifactKey: Guid(d57a87d22dd1ae844ae499570374accb) Importer(815301076,1909f56bfc062723c751e8b465ee728b)
Start importing Assets/king-g4b8207ca8_1920.jpg using Guid(d57a87d22dd1ae844ae499570374accb) Importer(815301076,1909f56bfc062723c751e8b465ee728b)  -> (artifact id: '68a42aa1bc8b40ab108e0d06b897a61a') in 0.328464 seconds 
========================================================================
Received Import Request.
  Time since last request: 260.388557 seconds.
  path: Assets/ProgressBar/Textures
  artifactKey: Guid(9cb25802a9228204c907f65a44731d6f) Importer(815301076,1909f56bfc062723c751e8b465ee728b)
Start importing Assets/ProgressBar/Textures using Guid(9cb25802a9228204c907f65a44731d6f) Importer(815301076,1909f56bfc062723c751e8b465ee728b)  -> (artifact id: 'f17cd9d8c998068d16e21d233029211a') in 0.010158 seconds 
========================================================================
Received Import Request.
  Time since last request: 0.647807 seconds.
  path: Assets/ProgressBar/Textures/style1
  artifactKey: Guid(003ffb4524aadd345ba888a6e89cc8af) Importer(815301076,1909f56bfc062723c751e8b465ee728b)
Start importing Assets/ProgressBar/Textures/style1 using Guid(003ffb4524aadd345ba888a6e89cc8af) Importer(815301076,1909f56bfc062723c751e8b465ee728b)  -> (artifact id: '69e2345c57b3d2158c83327ee6c9f858') in 0.026239 seconds 
========================================================================
Received Import Request.
  Time since last request: 0.000086 seconds.
  path: Assets/ProgressBar/Textures/style1/border.png
  artifactKey: Guid(343dbf29e0628dc448394bf437907373) Importer(815301076,1909f56bfc062723c751e8b465ee728b)
Start importing Assets/ProgressBar/Textures/style1/border.png using Guid(343dbf29e0628dc448394bf437907373) Importer(815301076,1909f56bfc062723c751e8b465ee728b)  -> (artifact id: '7796ee65d4b58046a361c25058feea37') in 0.066213 seconds 
========================================================================
Received Import Request.
  Time since last request: 0.000058 seconds.
  path: Assets/ProgressBar/Textures/style1/progress.png
  artifactKey: Guid(87e0c2d82c30d314287137b17124ac52) Importer(815301076,1909f56bfc062723c751e8b465ee728b)
Start importing Assets/ProgressBar/Textures/style1/progress.png using Guid(87e0c2d82c30d314287137b17124ac52) Importer(815301076,1909f56bfc062723c751e8b465ee728b)  -> (artifact id: '4ef4846b1beebc9cb5ceb9992800f3ec') in 0.033641 seconds 
========================================================================
Received Import Request.
  Time since last request: 0.000286 seconds.
  path: Assets/ProgressBar/Textures/style1/mask.png
  artifactKey: Guid(1a91c440c97e1284fb9ad81ad14fa46c) Importer(815301076,1909f56bfc062723c751e8b465ee728b)
Start importing Assets/ProgressBar/Textures/style1/mask.png using Guid(1a91c440c97e1284fb9ad81ad14fa46c) Importer(815301076,1909f56bfc062723c751e8b465ee728b)  -> (artifact id: 'beae73c87930961243d73b44d582bd97') in 0.028397 seconds 
========================================================================
Received Import Request.
  Time since last request: 17.532772 seconds.
  path: Assets/ProgressBar/Textures/style1/bkg.png
  artifactKey: Guid(06e9300367718c54fadb6720dd762758) Importer(815301076,1909f56bfc062723c751e8b465ee728b)
Start importing Assets/ProgressBar/Textures/style1/bkg.png using Guid(06e9300367718c54fadb6720dd762758) Importer(815301076,1909f56bfc062723c751e8b465ee728b)  -> (artifact id: 'deaab64ecb1d87b752d32ddf019f7fb8') in 0.014423 seconds 
========================================================================
Received Import Request.
  Time since last request: 9.715658 seconds.
  path: Assets/ProgressBar/Textures/style1/border.png
  artifactKey: Guid(343dbf29e0628dc448394bf437907373) Importer(815301076,1909f56bfc062723c751e8b465ee728b)
Start importing Assets/ProgressBar/Textures/style1/border.png using Guid(343dbf29e0628dc448394bf437907373) Importer(815301076,1909f56bfc062723c751e8b465ee728b)  -> (artifact id: '1541521f13926df8fc74b03e1321b797') in 0.038338 seconds 
========================================================================
Received Import Request.
  Time since last request: 0.000034 seconds.
  path: Assets/ProgressBar/Textures/style1/progress.png
  artifactKey: Guid(87e0c2d82c30d314287137b17124ac52) Importer(815301076,1909f56bfc062723c751e8b465ee728b)
Start importing Assets/ProgressBar/Textures/style1/progress.png using Guid(87e0c2d82c30d314287137b17124ac52) Importer(815301076,1909f56bfc062723c751e8b465ee728b)  -> (artifact id: 'ed945af153b80bb6bec4a1475dd67647') in 0.038977 seconds 
Editor requested this worker to shutdown with reason: Scaling down because of idle timeout
AssetImportWorker is now disconnected from the server
Process exiting
Exiting without the bug reporter. Application will terminate with return code 0