Using pre-set license
Built from '2021.3/staging' branch; Version is '2021.3.14f1 (eee1884e7226) revision 15655304'; Using compiler version '192829333'; Build Type 'Release'
OS: 'Windows 10  (10.0.19045) 64bit Education' Language: 'ko' Physical Memory: 16318 MB
BatchMode: 1, IsHumanControllingUs: 0, StartBugReporterOnCrash: 0, Is64bit: 1, IsPro: 1

COMMAND LINE ARGUMENTS:
C:\Program Files\Unity\Hub\Editor\2021.3.14f1\Editor\Unity.exe
-adb2
-batchMode
-noUpm
-name
AssetImportWorker1
-projectPath
C:/Users/Administrator/Desktop/SnakeLike
-logFile
Logs/AssetImportWorker1.log
-srvPort
57264
Successfully changed project path to: C:/Users/Administrator/Desktop/SnakeLike
C:/Users/Administrator/Desktop/SnakeLike
[UnityMemory] Configuration Parameters - Can be set up in boot.config
    "memorysetup-bucket-allocator-granularity=16"
    "memorysetup-bucket-allocator-bucket-count=8"
    "memorysetup-bucket-allocator-block-size=33554432"
    "memorysetup-bucket-allocator-block-count=8"
    "memorysetup-main-allocator-block-size=16777216"
    "memorysetup-thread-allocator-block-size=16777216"
    "memorysetup-gfx-main-allocator-block-size=16777216"
    "memorysetup-gfx-thread-allocator-block-size=16777216"
    "memorysetup-cache-allocator-block-size=4194304"
    "memorysetup-typetree-allocator-block-size=2097152"
    "memorysetup-profiler-bucket-allocator-granularity=16"
    "memorysetup-profiler-bucket-allocator-bucket-count=8"
    "memorysetup-profiler-bucket-allocator-block-size=33554432"
    "memorysetup-profiler-bucket-allocator-block-count=8"
    "memorysetup-profiler-allocator-block-size=16777216"
    "memorysetup-profiler-editor-allocator-block-size=1048576"
    "memorysetup-temp-allocator-size-main=16777216"
    "memorysetup-job-temp-allocator-block-size=2097152"
    "memorysetup-job-temp-allocator-block-size-background=1048576"
    "memorysetup-job-temp-allocator-reduction-small-platforms=262144"
    "memorysetup-temp-allocator-size-background-worker=32768"
    "memorysetup-temp-allocator-size-job-worker=262144"
    "memorysetup-temp-allocator-size-preload-manager=33554432"
    "memorysetup-temp-allocator-size-nav-mesh-worker=65536"
    "memorysetup-temp-allocator-size-audio-worker=65536"
    "memorysetup-temp-allocator-size-cloud-worker=32768"
    "memorysetup-temp-allocator-size-gi-baking-worker=262144"
    "memorysetup-temp-allocator-size-gfx=262144"
Refreshing native plugins compatible for Editor in 104.55 ms, found 4 plugins.
Preloading 0 native plugins for Editor in 0.00 ms.
Initialize engine version: 2021.3.14f1 (eee1884e7226)
[Subsystems] Discovering subsystems at path C:/Program Files/Unity/Hub/Editor/2021.3.14f1/Editor/Data/Resources/UnitySubsystems
[Subsystems] Discovering subsystems at path C:/Users/Administrator/Desktop/SnakeLike/Assets
GfxDevice: creating device client; threaded=0; jobified=0
Direct3D:
    Version:  Direct3D 11.0 [level 11.1]
    Renderer: NVIDIA GeForce GTX 1660 (ID=0x2184)
    Vendor:   NVIDIA
    VRAM:     5991 MB
    Driver:   31.0.15.1694
Initialize mono
Mono path[0] = 'C:/Program Files/Unity/Hub/Editor/2021.3.14f1/Editor/Data/Managed'
Mono path[1] = 'C:/Program Files/Unity/Hub/Editor/2021.3.14f1/Editor/Data/MonoBleedingEdge/lib/mono/unityjit-win32'
Mono config path = 'C:/Program Files/Unity/Hub/Editor/2021.3.14f1/Editor/Data/MonoBleedingEdge/etc'
Using monoOptions --debugger-agent=transport=dt_socket,embedding=1,server=y,suspend=n,address=127.0.0.1:56820
Begin MonoManager ReloadAssembly
Registering precompiled unity dll's ...
Register platform support module: C:/Program Files/Unity/Hub/Editor/2021.3.14f1/Editor/Data/PlaybackEngines/WindowsStandaloneSupport/UnityEditor.WindowsStandalone.Extensions.dll
Registered in 0.011266 seconds.
Native extension for WindowsStandalone target not found
Refreshing native plugins compatible for Editor in 100.06 ms, found 4 plugins.
Preloading 0 native plugins for Editor in 0.00 ms.
Mono: successfully reloaded assembly
- Completed reload, in  0.717 seconds
Domain Reload Profiling:
	ReloadAssembly (717ms)
		BeginReloadAssembly (95ms)
			ExecutionOrderSort (0ms)
			DisableScriptedObjects (0ms)
			BackupInstance (0ms)
			ReleaseScriptingObjects (0ms)
			CreateAndSetChildDomain (1ms)
		EndReloadAssembly (499ms)
			LoadAssemblies (90ms)
			RebuildTransferFunctionScriptingTraits (0ms)
			SetupTypeCache (105ms)
			ReleaseScriptCaches (0ms)
			RebuildScriptCaches (37ms)
			SetupLoadedEditorAssemblies (296ms)
				LogAssemblyErrors (0ms)
				InitializePlatformSupportModulesInManaged (9ms)
				SetLoadedEditorAssemblies (0ms)
				RefreshPlugins (100ms)
				BeforeProcessingInitializeOnLoad (1ms)
				ProcessInitializeOnLoadAttributes (132ms)
				ProcessInitializeOnLoadMethodAttributes (53ms)
				AfterProcessingInitializeOnLoad (0ms)
				EditorAssembliesLoaded (0ms)
			ExecutionOrderSort2 (0ms)
			AwakeInstancesAfterBackupRestoration (0ms)
Platform modules already initialized, skipping
Registering precompiled user dll's ...
Registered in 0.009990 seconds.
Begin MonoManager ReloadAssembly
Symbol file LoadedFromMemory doesn't match image C:\Users\Administrator\Desktop\SnakeLike\Library\PackageCache\com.unity.visualscripting@1.7.8\Editor\VisualScripting.Core\Dependencies\YamlDotNet\Unity.VisualScripting.YamlDotNet.dll
Symbol file LoadedFromMemory doesn't match image C:\Users\Administrator\Desktop\SnakeLike\Library\PackageCache\com.unity.visualscripting@1.7.8\Editor\VisualScripting.Core\Dependencies\DotNetZip\Unity.VisualScripting.IonicZip.dll
Native extension for WindowsStandalone target not found
Refreshing native plugins compatible for Editor in 91.66 ms, found 4 plugins.
Preloading 0 native plugins for Editor in 0.00 ms.
Mono: successfully reloaded assembly
- Completed reload, in  1.314 seconds
Domain Reload Profiling:
	ReloadAssembly (1315ms)
		BeginReloadAssembly (139ms)
			ExecutionOrderSort (0ms)
			DisableScriptedObjects (6ms)
			BackupInstance (0ms)
			ReleaseScriptingObjects (0ms)
			CreateAndSetChildDomain (25ms)
		EndReloadAssembly (1050ms)
			LoadAssemblies (112ms)
			RebuildTransferFunctionScriptingTraits (0ms)
			SetupTypeCache (267ms)
			ReleaseScriptCaches (1ms)
			RebuildScriptCaches (65ms)
			SetupLoadedEditorAssemblies (559ms)
				LogAssemblyErrors (0ms)
				InitializePlatformSupportModulesInManaged (5ms)
				SetLoadedEditorAssemblies (0ms)
				RefreshPlugins (92ms)
				BeforeProcessingInitializeOnLoad (127ms)
				ProcessInitializeOnLoadAttributes (271ms)
				ProcessInitializeOnLoadMethodAttributes (52ms)
				AfterProcessingInitializeOnLoad (11ms)
				EditorAssembliesLoaded (0ms)
			ExecutionOrderSort2 (0ms)
			AwakeInstancesAfterBackupRestoration (9ms)
Platform modules already initialized, skipping
========================================================================
Worker process is ready to serve import requests
Launched and connected shader compiler UnityShaderCompiler.exe after 0.05 seconds
Refreshing native plugins compatible for Editor in 0.94 ms, found 4 plugins.
Preloading 0 native plugins for Editor in 0.00 ms.
Unloading 4043 Unused Serialized files (Serialized files now loaded: 0)
Unloading 44 unused Assets / (228.8 KB). Loaded Objects now: 4493.
Memory consumption went from 155.0 MB to 154.8 MB.
Total: 5.209300 ms (FindLiveObjects: 0.451700 ms CreateObjectMapping: 0.342000 ms MarkObjects: 4.257800 ms  DeleteObjects: 0.156800 ms)

AssetImportParameters requested are different than current active one (requested -> active):
  custom:video-decoder-ogg-theora: a1e56fd34408186e4bbccfd4996cb3dc -> 
  custom:container-muxer-webm: aa71ff27fc2769a1b78a27578f13a17b -> 
  custom:container-demuxer-webm: 4f35f7cbe854078d1ac9338744f61a02 -> 
  custom:video-encoder-webm-vp8: eb34c28f22e8b96e1ab97ce403110664 -> 
  custom:audio-encoder-webm-vorbis: bf7c407c2cedff20999df2af8eb42d56 -> 
  custom:framework-win-MediaFoundation: 216162199b28c13a410421893ffa2e32 -> 
  custom:container-demuxer-ogg: 62fdf1f143b41e24485cea50d1cbac27 -> 
  custom:video-decoder-webm-vp8: 9c59270c3fd7afecdb556c50c9e8de78 -> 
  custom:audio-decoder-ogg-vorbis: bf7c407c2cedff20999df2af8eb42d56 -> 
========================================================================
Received Import Request.
  Time since last request: 41717.944224 seconds.
  path: Assets/COPY SPRIGHT/2D Character - Astronaut/Sprites/character_carry.png
  artifactKey: Guid(4474d2218d1233d4d9d99a809b49554b) Importer(815301076,1909f56bfc062723c751e8b465ee728b)
Start importing Assets/COPY SPRIGHT/2D Character - Astronaut/Sprites/character_carry.png using Guid(4474d2218d1233d4d9d99a809b49554b) Importer(815301076,1909f56bfc062723c751e8b465ee728b)  -> (artifact id: '423e13f739d12e7376f5f122bef1b69d') in 0.963956 seconds 
========================================================================
Received Import Request.
  Time since last request: 0.000083 seconds.
  path: Assets/COPY SPRIGHT/2D Character - Astronaut/Sprites/weapon_sycthe.png
  artifactKey: Guid(859caa1337f1497c857b71771e7c5295) Importer(815301076,1909f56bfc062723c751e8b465ee728b)
Start importing Assets/COPY SPRIGHT/2D Character - Astronaut/Sprites/weapon_sycthe.png using Guid(859caa1337f1497c857b71771e7c5295) Importer(815301076,1909f56bfc062723c751e8b465ee728b)  -> (artifact id: '909b5f45072f913103519a9903ec38a3') in 0.597093 seconds 
========================================================================
Received Import Request.
  Time since last request: 0.000144 seconds.
  path: Assets/COPY SPRIGHT/2D Character - Astronaut/Sprites/character_throw.png
  artifactKey: Guid(bb842fe46e994e6b903ffa8af9ae0f36) Importer(815301076,1909f56bfc062723c751e8b465ee728b)
Start importing Assets/COPY SPRIGHT/2D Character - Astronaut/Sprites/character_throw.png using Guid(bb842fe46e994e6b903ffa8af9ae0f36) Importer(815301076,1909f56bfc062723c751e8b465ee728b)  -> (artifact id: 'c20fea7dffb98710540f4dae420e7ad3') in 0.579553 seconds 
========================================================================
Received Import Request.
  Time since last request: 0.000037 seconds.
  path: Assets/COPY SPRIGHT/2D Character - Astronaut/Sprites/weapon_gun.png
  artifactKey: Guid(abb480a6baaf485c81c17a7f3c4fdc42) Importer(815301076,1909f56bfc062723c751e8b465ee728b)
Start importing Assets/COPY SPRIGHT/2D Character - Astronaut/Sprites/weapon_gun.png using Guid(abb480a6baaf485c81c17a7f3c4fdc42) Importer(815301076,1909f56bfc062723c751e8b465ee728b)  -> (artifact id: '5b1cde200a938f1a7aaf3f915a018690') in 0.056729 seconds 
========================================================================
Received Import Request.
  Time since last request: 0.000062 seconds.
  path: Assets/COPY SPRIGHT/2D Character - Astronaut/Sprites/character_hold.png
  artifactKey: Guid(bdcf20ae532f4ef88d3b429b880553e3) Importer(815301076,1909f56bfc062723c751e8b465ee728b)
Start importing Assets/COPY SPRIGHT/2D Character - Astronaut/Sprites/character_hold.png using Guid(bdcf20ae532f4ef88d3b429b880553e3) Importer(815301076,1909f56bfc062723c751e8b465ee728b)  -> (artifact id: '2f180efad4b9ca3952478b2a278f0144') in 0.871434 seconds 
========================================================================
Received Import Request.
  Time since last request: 0.000054 seconds.
  path: Assets/COPY SPRIGHT/2D Character - Astronaut/Sprites/weapon_bow.png
  artifactKey: Guid(6cd198aefcb544d6aa5f8f37be4f872a) Importer(815301076,1909f56bfc062723c751e8b465ee728b)
Start importing Assets/COPY SPRIGHT/2D Character - Astronaut/Sprites/weapon_bow.png using Guid(6cd198aefcb544d6aa5f8f37be4f872a) Importer(815301076,1909f56bfc062723c751e8b465ee728b)  -> (artifact id: '546e6f62a384b8205313a898c43443fc') in 0.297440 seconds 
========================================================================
Received Import Request.
  Time since last request: 0.000062 seconds.
  path: Assets/COPY SPRIGHT/2D Character - Astronaut/Sprites/world_bomb_carry.png
  artifactKey: Guid(a3ebf609d64354b47bd06cdd94098ebc) Importer(815301076,1909f56bfc062723c751e8b465ee728b)
Start importing Assets/COPY SPRIGHT/2D Character - Astronaut/Sprites/world_bomb_carry.png using Guid(a3ebf609d64354b47bd06cdd94098ebc) Importer(815301076,1909f56bfc062723c751e8b465ee728b)  -> (artifact id: '265027beb693524dcf345cd563bbecc2') in 0.817390 seconds 
========================================================================
Received Import Request.
  Time since last request: 0.000081 seconds.
  path: Assets/COPY SPRIGHT/2D Character - Astronaut/Sprites/weapon_hammer.png
  artifactKey: Guid(626be61ea46848f48841509c5271e64f) Importer(815301076,1909f56bfc062723c751e8b465ee728b)
Start importing Assets/COPY SPRIGHT/2D Character - Astronaut/Sprites/weapon_hammer.png using Guid(626be61ea46848f48841509c5271e64f) Importer(815301076,1909f56bfc062723c751e8b465ee728b)  -> (artifact id: 'c969c5f2748e6db059b864956a658b7a') in 0.999671 seconds 
========================================================================
Received Import Request.
  Time since last request: 0.000055 seconds.
  path: Assets/COPY SPRIGHT/2D Character - Astronaut/Sprites/character_jump.png
  artifactKey: Guid(263bbf868f1c40ef9da04b8d96ce8d7b) Importer(815301076,1909f56bfc062723c751e8b465ee728b)
Start importing Assets/COPY SPRIGHT/2D Character - Astronaut/Sprites/character_jump.png using Guid(263bbf868f1c40ef9da04b8d96ce8d7b) Importer(815301076,1909f56bfc062723c751e8b465ee728b)  -> (artifact id: 'edb663dc7a0d6268df280faf28862c23') in 0.514037 seconds 
========================================================================
Received Import Request.
  Time since last request: 0.000079 seconds.
  path: Assets/COPY SPRIGHT/2D Character - Astronaut/Sprites/weapon_sword.png
  artifactKey: Guid(a1925e7d73214f63a8ddcce6bea40954) Importer(815301076,1909f56bfc062723c751e8b465ee728b)
Start importing Assets/COPY SPRIGHT/2D Character - Astronaut/Sprites/weapon_sword.png using Guid(a1925e7d73214f63a8ddcce6bea40954) Importer(815301076,1909f56bfc062723c751e8b465ee728b)  -> (artifact id: 'dd043164000785fe139cf539fca11bc4') in 0.451317 seconds 
========================================================================
Received Import Request.
  Time since last request: 0.000036 seconds.
  path: Assets/COPY SPRIGHT/2D Character - Astronaut/Sprites/character_crawl.png
  artifactKey: Guid(43eb704c8d3f4f02b188c5988c58b4fb) Importer(815301076,1909f56bfc062723c751e8b465ee728b)
Start importing Assets/COPY SPRIGHT/2D Character - Astronaut/Sprites/character_crawl.png using Guid(43eb704c8d3f4f02b188c5988c58b4fb) Importer(815301076,1909f56bfc062723c751e8b465ee728b)  -> (artifact id: 'eb4daec0ae47e359306a3a37bc9781b2') in 0.511757 seconds 
========================================================================
Received Import Request.
  Time since last request: 0.000156 seconds.
  path: Assets/COPY SPRIGHT/2D Character - Astronaut/Sprites/world_desert.png
  artifactKey: Guid(0ece8860f6ff7b949bcc603e99fefe92) Importer(815301076,1909f56bfc062723c751e8b465ee728b)
Start importing Assets/COPY SPRIGHT/2D Character - Astronaut/Sprites/world_desert.png using Guid(0ece8860f6ff7b949bcc603e99fefe92) Importer(815301076,1909f56bfc062723c751e8b465ee728b)  -> (artifact id: '33d183a11b7e93b036bfafbf211a9306') in 0.333357 seconds 
========================================================================
Received Prepare
Registering precompiled user dll's ...
Registered in 0.009611 seconds.
Begin MonoManager ReloadAssembly
Symbol file LoadedFromMemory doesn't match image C:\Users\Administrator\Desktop\SnakeLike\Library\PackageCache\com.unity.visualscripting@1.7.8\Editor\VisualScripting.Core\Dependencies\YamlDotNet\Unity.VisualScripting.YamlDotNet.dll
Symbol file LoadedFromMemory doesn't match image C:\Users\Administrator\Desktop\SnakeLike\Library\PackageCache\com.unity.visualscripting@1.7.8\Editor\VisualScripting.Core\Dependencies\DotNetZip\Unity.VisualScripting.IonicZip.dll
Native extension for WindowsStandalone target not found
Refreshing native plugins compatible for Editor in 2.10 ms, found 4 plugins.
Preloading 0 native plugins for Editor in 0.00 ms.
Mono: successfully reloaded assembly
- Completed reload, in  1.633 seconds
Domain Reload Profiling:
	ReloadAssembly (1634ms)
		BeginReloadAssembly (206ms)
			ExecutionOrderSort (0ms)
			DisableScriptedObjects (13ms)
			BackupInstance (0ms)
			ReleaseScriptingObjects (0ms)
			CreateAndSetChildDomain (67ms)
		EndReloadAssembly (1289ms)
			LoadAssemblies (152ms)
			RebuildTransferFunctionScriptingTraits (0ms)
			SetupTypeCache (415ms)
			ReleaseScriptCaches (2ms)
			RebuildScriptCaches (77ms)
			SetupLoadedEditorAssemblies (563ms)
				LogAssemblyErrors (0ms)
				InitializePlatformSupportModulesInManaged (21ms)
				SetLoadedEditorAssemblies (1ms)
				RefreshPlugins (2ms)
				BeforeProcessingInitializeOnLoad (138ms)
				ProcessInitializeOnLoadAttributes (321ms)
				ProcessInitializeOnLoadMethodAttributes (67ms)
				AfterProcessingInitializeOnLoad (14ms)
				EditorAssembliesLoaded (0ms)
			ExecutionOrderSort2 (0ms)
			AwakeInstancesAfterBackupRestoration (12ms)
Platform modules already initialized, skipping
Refreshing native plugins compatible for Editor in 7.09 ms, found 4 plugins.
Preloading 0 native plugins for Editor in 0.00 ms.
Unloading 4038 Unused Serialized files (Serialized files now loaded: 0)
Unloading 31 unused Assets / (195.7 KB). Loaded Objects now: 4514.
Memory consumption went from 159.5 MB to 159.3 MB.
Total: 4.240700 ms (FindLiveObjects: 0.410200 ms CreateObjectMapping: 0.256200 ms MarkObjects: 3.362600 ms  DeleteObjects: 0.210400 ms)

AssetImportParameters requested are different than current active one (requested -> active):
  custom:video-decoder-ogg-theora: a1e56fd34408186e4bbccfd4996cb3dc -> 
  custom:container-muxer-webm: aa71ff27fc2769a1b78a27578f13a17b -> 
  custom:container-demuxer-webm: 4f35f7cbe854078d1ac9338744f61a02 -> 
  custom:video-encoder-webm-vp8: eb34c28f22e8b96e1ab97ce403110664 -> 
  custom:audio-encoder-webm-vorbis: bf7c407c2cedff20999df2af8eb42d56 -> 
  custom:framework-win-MediaFoundation: 216162199b28c13a410421893ffa2e32 -> 
  custom:container-demuxer-ogg: 62fdf1f143b41e24485cea50d1cbac27 -> 
  custom:video-decoder-webm-vp8: 9c59270c3fd7afecdb556c50c9e8de78 -> 
  custom:audio-decoder-ogg-vorbis: bf7c407c2cedff20999df2af8eb42d56 -> 
========================================================================
Received Prepare
Registering precompiled user dll's ...
Registered in 0.010362 seconds.
Begin MonoManager ReloadAssembly
Symbol file LoadedFromMemory doesn't match image C:\Users\Administrator\Desktop\SnakeLike\Library\PackageCache\com.unity.visualscripting@1.7.8\Editor\VisualScripting.Core\Dependencies\YamlDotNet\Unity.VisualScripting.YamlDotNet.dll
Symbol file LoadedFromMemory doesn't match image C:\Users\Administrator\Desktop\SnakeLike\Library\PackageCache\com.unity.visualscripting@1.7.8\Editor\VisualScripting.Core\Dependencies\DotNetZip\Unity.VisualScripting.IonicZip.dll
Native extension for WindowsStandalone target not found
Refreshing native plugins compatible for Editor in 1.75 ms, found 4 plugins.
Preloading 0 native plugins for Editor in 0.00 ms.
Mono: successfully reloaded assembly
- Completed reload, in  1.644 seconds
Domain Reload Profiling:
	ReloadAssembly (1644ms)
		BeginReloadAssembly (210ms)
			ExecutionOrderSort (0ms)
			DisableScriptedObjects (9ms)
			BackupInstance (0ms)
			ReleaseScriptingObjects (0ms)
			CreateAndSetChildDomain (66ms)
		EndReloadAssembly (1288ms)
			LoadAssemblies (165ms)
			RebuildTransferFunctionScriptingTraits (0ms)
			SetupTypeCache (388ms)
			ReleaseScriptCaches (3ms)
			RebuildScriptCaches (90ms)
			SetupLoadedEditorAssemblies (563ms)
				LogAssemblyErrors (0ms)
				InitializePlatformSupportModulesInManaged (16ms)
				SetLoadedEditorAssemblies (1ms)
				RefreshPlugins (2ms)
				BeforeProcessingInitializeOnLoad (132ms)
				ProcessInitializeOnLoadAttributes (336ms)
				ProcessInitializeOnLoadMethodAttributes (63ms)
				AfterProcessingInitializeOnLoad (14ms)
				EditorAssembliesLoaded (1ms)
			ExecutionOrderSort2 (0ms)
			AwakeInstancesAfterBackupRestoration (21ms)
Platform modules already initialized, skipping
Refreshing native plugins compatible for Editor in 4.16 ms, found 4 plugins.
Preloading 0 native plugins for Editor in 0.00 ms.
Unloading 4038 Unused Serialized files (Serialized files now loaded: 0)
Unloading 31 unused Assets / (195.5 KB). Loaded Objects now: 4517.
Memory consumption went from 159.5 MB to 159.3 MB.
Total: 6.078800 ms (FindLiveObjects: 0.632100 ms CreateObjectMapping: 0.355900 ms MarkObjects: 4.824900 ms  DeleteObjects: 0.263800 ms)

AssetImportParameters requested are different than current active one (requested -> active):
  custom:video-decoder-ogg-theora: a1e56fd34408186e4bbccfd4996cb3dc -> 
  custom:container-muxer-webm: aa71ff27fc2769a1b78a27578f13a17b -> 
  custom:container-demuxer-webm: 4f35f7cbe854078d1ac9338744f61a02 -> 
  custom:video-encoder-webm-vp8: eb34c28f22e8b96e1ab97ce403110664 -> 
  custom:audio-encoder-webm-vorbis: bf7c407c2cedff20999df2af8eb42d56 -> 
  custom:framework-win-MediaFoundation: 216162199b28c13a410421893ffa2e32 -> 
  custom:container-demuxer-ogg: 62fdf1f143b41e24485cea50d1cbac27 -> 
  custom:video-decoder-webm-vp8: 9c59270c3fd7afecdb556c50c9e8de78 -> 
  custom:audio-decoder-ogg-vorbis: bf7c407c2cedff20999df2af8eb42d56 -> 
========================================================================
Received Prepare
Registering precompiled user dll's ...
Registered in 0.011265 seconds.
Begin MonoManager ReloadAssembly
Symbol file LoadedFromMemory doesn't match image C:\Users\Administrator\Desktop\SnakeLike\Library\PackageCache\com.unity.visualscripting@1.7.8\Editor\VisualScripting.Core\Dependencies\YamlDotNet\Unity.VisualScripting.YamlDotNet.dll
Symbol file LoadedFromMemory doesn't match image C:\Users\Administrator\Desktop\SnakeLike\Library\PackageCache\com.unity.visualscripting@1.7.8\Editor\VisualScripting.Core\Dependencies\DotNetZip\Unity.VisualScripting.IonicZip.dll
Native extension for WindowsStandalone target not found
Refreshing native plugins compatible for Editor in 1.75 ms, found 4 plugins.
Preloading 0 native plugins for Editor in 0.00 ms.
Mono: successfully reloaded assembly
- Completed reload, in  1.663 seconds
Domain Reload Profiling:
	ReloadAssembly (1664ms)
		BeginReloadAssembly (243ms)
			ExecutionOrderSort (0ms)
			DisableScriptedObjects (14ms)
			BackupInstance (0ms)
			ReleaseScriptingObjects (0ms)
			CreateAndSetChildDomain (68ms)
		EndReloadAssembly (1265ms)
			LoadAssemblies (191ms)
			RebuildTransferFunctionScriptingTraits (0ms)
			SetupTypeCache (376ms)
			ReleaseScriptCaches (2ms)
			RebuildScriptCaches (87ms)
			SetupLoadedEditorAssemblies (558ms)
				LogAssemblyErrors (0ms)
				InitializePlatformSupportModulesInManaged (18ms)
				SetLoadedEditorAssemblies (2ms)
				RefreshPlugins (2ms)
				BeforeProcessingInitializeOnLoad (142ms)
				ProcessInitializeOnLoadAttributes (323ms)
				ProcessInitializeOnLoadMethodAttributes (56ms)
				AfterProcessingInitializeOnLoad (15ms)
				EditorAssembliesLoaded (0ms)
			ExecutionOrderSort2 (0ms)
			AwakeInstancesAfterBackupRestoration (15ms)
Platform modules already initialized, skipping
Refreshing native plugins compatible for Editor in 4.15 ms, found 4 plugins.
Preloading 0 native plugins for Editor in 0.00 ms.
Unloading 4038 Unused Serialized files (Serialized files now loaded: 0)
Unloading 31 unused Assets / (195.8 KB). Loaded Objects now: 4520.
Memory consumption went from 159.5 MB to 159.3 MB.
Total: 4.302800 ms (FindLiveObjects: 0.530500 ms CreateObjectMapping: 0.379500 ms MarkObjects: 3.184200 ms  DeleteObjects: 0.205600 ms)

AssetImportParameters requested are different than current active one (requested -> active):
  custom:video-decoder-ogg-theora: a1e56fd34408186e4bbccfd4996cb3dc -> 
  custom:container-muxer-webm: aa71ff27fc2769a1b78a27578f13a17b -> 
  custom:container-demuxer-webm: 4f35f7cbe854078d1ac9338744f61a02 -> 
  custom:video-encoder-webm-vp8: eb34c28f22e8b96e1ab97ce403110664 -> 
  custom:audio-encoder-webm-vorbis: bf7c407c2cedff20999df2af8eb42d56 -> 
  custom:framework-win-MediaFoundation: 216162199b28c13a410421893ffa2e32 -> 
  custom:container-demuxer-ogg: 62fdf1f143b41e24485cea50d1cbac27 -> 
  custom:video-decoder-webm-vp8: 9c59270c3fd7afecdb556c50c9e8de78 -> 
  custom:audio-decoder-ogg-vorbis: bf7c407c2cedff20999df2af8eb42d56 -> 
========================================================================
Received Import Request.
  Time since last request: 1565.834481 seconds.
  path: Assets/RF Castle/mainlevbuild.png
  artifactKey: Guid(389be3483ef26ae4886e2b0a97fdaff1) Importer(815301076,1909f56bfc062723c751e8b465ee728b)
Start importing Assets/RF Castle/mainlevbuild.png using Guid(389be3483ef26ae4886e2b0a97fdaff1) Importer(815301076,1909f56bfc062723c751e8b465ee728b)  -> (artifact id: '2ce8620581c7a94b8745ac64e0ee16cc') in 0.129885 seconds 
========================================================================
Received Import Request.
  Time since last request: 676.731032 seconds.
  path: Assets/RF Castle/Sliced/mainlevbuild.png
  artifactKey: Guid(d21555ce72e390f49ba41fd54c373b1b) Importer(815301076,1909f56bfc062723c751e8b465ee728b)
Start importing Assets/RF Castle/Sliced/mainlevbuild.png using Guid(d21555ce72e390f49ba41fd54c373b1b) Importer(815301076,1909f56bfc062723c751e8b465ee728b)  -> (artifact id: '4ec6ef3130687958f18d5931eb7865ef') in 1.520043 seconds 
========================================================================
Received Import Request.
  Time since last request: 307.600775 seconds.
  path: Assets/RF Castle/Palette/mainlevbuild_896.asset
  artifactKey: Guid(29da0bb00a360ab49b83dfca49dfeb89) Importer(815301076,1909f56bfc062723c751e8b465ee728b)
Start importing Assets/RF Castle/Palette/mainlevbuild_896.asset using Guid(29da0bb00a360ab49b83dfca49dfeb89) Importer(815301076,1909f56bfc062723c751e8b465ee728b)  -> (artifact id: 'a1a2d3b98087ddda96c57fb0d934fe3d') in 0.086328 seconds 
========================================================================
Received Import Request.
  Time since last request: 0.000037 seconds.
  path: Assets/RF Castle/Palette/mainlevbuild_956.asset
  artifactKey: Guid(29abd34e7ec964e4d9699031716c82d0) Importer(815301076,1909f56bfc062723c751e8b465ee728b)
Start importing Assets/RF Castle/Palette/mainlevbuild_956.asset using Guid(29abd34e7ec964e4d9699031716c82d0) Importer(815301076,1909f56bfc062723c751e8b465ee728b)  -> (artifact id: 'd83de83e3b2a016f7f0c281b6add53bb') in 0.023505 seconds 
========================================================================
Received Import Request.
  Time since last request: 0.000043 seconds.
  path: Assets/RF Castle/Palette/mainlevbuild_934.asset
  artifactKey: Guid(49a6eca3753cadd448e90a19a86aa882) Importer(815301076,1909f56bfc062723c751e8b465ee728b)
Start importing Assets/RF Castle/Palette/mainlevbuild_934.asset using Guid(49a6eca3753cadd448e90a19a86aa882) Importer(815301076,1909f56bfc062723c751e8b465ee728b)  -> (artifact id: 'a77077cba838ddd887d3ec4684e733be') in 0.017331 seconds 
========================================================================
Received Import Request.
  Time since last request: 0.000021 seconds.
  path: Assets/RF Castle/Palette/mainlevbuild_952.asset
  artifactKey: Guid(7c5fafc6b83640a4499b10eceef9609e) Importer(815301076,1909f56bfc062723c751e8b465ee728b)
Start importing Assets/RF Castle/Palette/mainlevbuild_952.asset using Guid(7c5fafc6b83640a4499b10eceef9609e) Importer(815301076,1909f56bfc062723c751e8b465ee728b)  -> (artifact id: '9bcd46767cd94bab8b876602ccc09f11') in 0.035541 seconds 
========================================================================
Received Import Request.
  Time since last request: 0.000046 seconds.
  path: Assets/RF Castle/Palette/mainlevbuild_930.asset
  artifactKey: Guid(e356ed5891ef0974193eeed9bf02fc7a) Importer(815301076,1909f56bfc062723c751e8b465ee728b)
Start importing Assets/RF Castle/Palette/mainlevbuild_930.asset using Guid(e356ed5891ef0974193eeed9bf02fc7a) Importer(815301076,1909f56bfc062723c751e8b465ee728b)  -> (artifact id: '26f61cf668108594b98809835aeee5a4') in 0.028169 seconds 
========================================================================
Received Import Request.
  Time since last request: 0.000108 seconds.
  path: Assets/RF Castle/Palette/mainlevbuild_906.asset
  artifactKey: Guid(385f86c07aafaad45b6a09ba451e8ec7) Importer(815301076,1909f56bfc062723c751e8b465ee728b)
Start importing Assets/RF Castle/Palette/mainlevbuild_906.asset using Guid(385f86c07aafaad45b6a09ba451e8ec7) Importer(815301076,1909f56bfc062723c751e8b465ee728b)  -> (artifact id: '6a11744e87ff1195952a9ac250e30686') in 0.022325 seconds 
========================================================================
Received Import Request.
  Time since last request: 0.000022 seconds.
  path: Assets/RF Castle/Palette/mainlevbuild_912.asset
  artifactKey: Guid(d54c3fda593817443bd7365b8e7bb9fb) Importer(815301076,1909f56bfc062723c751e8b465ee728b)
Start importing Assets/RF Castle/Palette/mainlevbuild_912.asset using Guid(d54c3fda593817443bd7365b8e7bb9fb) Importer(815301076,1909f56bfc062723c751e8b465ee728b)  -> (artifact id: 'ea0df6be988029bfb48cb09e243cc7f0') in 0.021196 seconds 
========================================================================
Received Import Request.
  Time since last request: 0.000054 seconds.
  path: Assets/RF Castle/Palette/mainlevbuild_929.asset
  artifactKey: Guid(c38790f100182644eae6c019e5c832ef) Importer(815301076,1909f56bfc062723c751e8b465ee728b)
Start importing Assets/RF Castle/Palette/mainlevbuild_929.asset using Guid(c38790f100182644eae6c019e5c832ef) Importer(815301076,1909f56bfc062723c751e8b465ee728b)  -> (artifact id: 'f5b8dcaaa876140227341a7ea9e27940') in 0.024059 seconds 
========================================================================
Received Import Request.
  Time since last request: 0.000036 seconds.
  path: Assets/RF Castle/Palette/mainlevbuild_932.asset
  artifactKey: Guid(162c69188ddced143a3677fee1ea3253) Importer(815301076,1909f56bfc062723c751e8b465ee728b)
Start importing Assets/RF Castle/Palette/mainlevbuild_932.asset using Guid(162c69188ddced143a3677fee1ea3253) Importer(815301076,1909f56bfc062723c751e8b465ee728b)  -> (artifact id: '33be124224ffb74cc8b86e54605c8506') in 0.034131 seconds 
========================================================================
Received Import Request.
  Time since last request: 0.000033 seconds.
  path: Assets/RF Castle/Palette/mainlevbuild_897.asset
  artifactKey: Guid(70ecec3db5786c845b37d2adcb7492ea) Importer(815301076,1909f56bfc062723c751e8b465ee728b)
Start importing Assets/RF Castle/Palette/mainlevbuild_897.asset using Guid(70ecec3db5786c845b37d2adcb7492ea) Importer(815301076,1909f56bfc062723c751e8b465ee728b)  -> (artifact id: '34b42f8bbfae8e7f89ad6559cf7f7237') in 0.025113 seconds 
========================================================================
Received Import Request.
  Time since last request: 0.000063 seconds.
  path: Assets/RF Castle/Palette/mainlevbuild_942.asset
  artifactKey: Guid(895a1fa3f8c7e3040966305c1c1f75c9) Importer(815301076,1909f56bfc062723c751e8b465ee728b)
Start importing Assets/RF Castle/Palette/mainlevbuild_942.asset using Guid(895a1fa3f8c7e3040966305c1c1f75c9) Importer(815301076,1909f56bfc062723c751e8b465ee728b)  -> (artifact id: 'e9b78c0ded250f01bdc835932271f83b') in 0.024800 seconds 
========================================================================
Received Import Request.
  Time since last request: 0.000105 seconds.
  path: Assets/RF Castle/Palette/mainlevbuild_951.asset
  artifactKey: Guid(73995477ab8aa7841b6600f6ad6e4759) Importer(815301076,1909f56bfc062723c751e8b465ee728b)
Start importing Assets/RF Castle/Palette/mainlevbuild_951.asset using Guid(73995477ab8aa7841b6600f6ad6e4759) Importer(815301076,1909f56bfc062723c751e8b465ee728b)  -> (artifact id: '5622b9ccba47472f6907cd29b9fde8ee') in 0.020161 seconds 
========================================================================
Received Import Request.
  Time since last request: 0.000031 seconds.
  path: Assets/RF Castle/Palette/mainlevbuild_919.asset
  artifactKey: Guid(75fc040a82de9af4e97d25d54894689c) Importer(815301076,1909f56bfc062723c751e8b465ee728b)
Start importing Assets/RF Castle/Palette/mainlevbuild_919.asset using Guid(75fc040a82de9af4e97d25d54894689c) Importer(815301076,1909f56bfc062723c751e8b465ee728b)  -> (artifact id: 'ef19f4dab7a302678fc15694869475c5') in 0.021959 seconds 
========================================================================
Received Import Request.
  Time since last request: 0.000039 seconds.
  path: Assets/RF Castle/Palette/mainlevbuild_918.asset
  artifactKey: Guid(1fa23da158758f04a96b4b816948158d) Importer(815301076,1909f56bfc062723c751e8b465ee728b)
Start importing Assets/RF Castle/Palette/mainlevbuild_918.asset using Guid(1fa23da158758f04a96b4b816948158d) Importer(815301076,1909f56bfc062723c751e8b465ee728b)  -> (artifact id: '01f0c7327eb8e9a3cea90d3c8e69755e') in 0.021440 seconds 
========================================================================
Received Import Request.
  Time since last request: 0.000067 seconds.
  path: Assets/RF Castle/Palette/mainlevbuild_915.asset
  artifactKey: Guid(9dfef17a5770ea346b9dcf5ef7aacdfe) Importer(815301076,1909f56bfc062723c751e8b465ee728b)
Start importing Assets/RF Castle/Palette/mainlevbuild_915.asset using Guid(9dfef17a5770ea346b9dcf5ef7aacdfe) Importer(815301076,1909f56bfc062723c751e8b465ee728b)  -> (artifact id: '73273a38c6809508369e9b26431bd713') in 0.019693 seconds 
========================================================================
Received Import Request.
  Time since last request: 0.000042 seconds.
  path: Assets/RF Castle/Palette/mainlevbuild_935.asset
  artifactKey: Guid(7493c37995b70314a89bb243544b17a5) Importer(815301076,1909f56bfc062723c751e8b465ee728b)
Start importing Assets/RF Castle/Palette/mainlevbuild_935.asset using Guid(7493c37995b70314a89bb243544b17a5) Importer(815301076,1909f56bfc062723c751e8b465ee728b)  -> (artifact id: '4760f639962bd1755f585c2613d0b2cf') in 0.030129 seconds 
========================================================================
Received Import Request.
  Time since last request: 0.000055 seconds.
  path: Assets/RF Castle/Palette/mainlevbuild_916.asset
  artifactKey: Guid(bc75330938fef6c41aa984378e2b6223) Importer(815301076,1909f56bfc062723c751e8b465ee728b)
Start importing Assets/RF Castle/Palette/mainlevbuild_916.asset using Guid(bc75330938fef6c41aa984378e2b6223) Importer(815301076,1909f56bfc062723c751e8b465ee728b)  -> (artifact id: 'aca048185ae850e7166ff3ba66782d1b') in 0.019042 seconds 
========================================================================
Received Import Request.
  Time since last request: 0.000016 seconds.
  path: Assets/RF Castle/Palette/mainlevbuild_940.asset
  artifactKey: Guid(60b3b783d920495448dcdc98bcc42ecb) Importer(815301076,1909f56bfc062723c751e8b465ee728b)
Start importing Assets/RF Castle/Palette/mainlevbuild_940.asset using Guid(60b3b783d920495448dcdc98bcc42ecb) Importer(815301076,1909f56bfc062723c751e8b465ee728b)  -> (artifact id: 'db932787c472fe81b6177e55f1feba39') in 0.016663 seconds 
========================================================================
Received Import Request.
  Time since last request: 0.000051 seconds.
  path: Assets/RF Castle/Palette/mainlevbuild_926.asset
  artifactKey: Guid(e826ee7bbdc1c3d4bb4b05f7b333ae3d) Importer(815301076,1909f56bfc062723c751e8b465ee728b)
Start importing Assets/RF Castle/Palette/mainlevbuild_926.asset using Guid(e826ee7bbdc1c3d4bb4b05f7b333ae3d) Importer(815301076,1909f56bfc062723c751e8b465ee728b)  -> (artifact id: 'e90547b68bfa934aa80ee2ee08e702ff') in 0.023932 seconds 
========================================================================
Received Import Request.
  Time since last request: 0.000050 seconds.
  path: Assets/RF Castle/Palette/mainlevbuild_904.asset
  artifactKey: Guid(e41df81fe10400c448f34f72019bd327) Importer(815301076,1909f56bfc062723c751e8b465ee728b)
Start importing Assets/RF Castle/Palette/mainlevbuild_904.asset using Guid(e41df81fe10400c448f34f72019bd327) Importer(815301076,1909f56bfc062723c751e8b465ee728b)  -> (artifact id: 'ff9acd31c9e73b7c4e66bdc48d56e7f6') in 0.024587 seconds 
========================================================================
Received Import Request.
  Time since last request: 0.000087 seconds.
  path: Assets/RF Castle/Palette/mainlevbuild_936.asset
  artifactKey: Guid(8aab459d76479b944ac501e0a83c499e) Importer(815301076,1909f56bfc062723c751e8b465ee728b)
Start importing Assets/RF Castle/Palette/mainlevbuild_936.asset using Guid(8aab459d76479b944ac501e0a83c499e) Importer(815301076,1909f56bfc062723c751e8b465ee728b)  -> (artifact id: '14a4d4323632e4d11aea98ff8bfbe0aa') in 0.021875 seconds 
========================================================================
Received Import Request.
  Time since last request: 0.000055 seconds.
  path: Assets/RF Castle/Palette/mainlevbuild_907.asset
  artifactKey: Guid(8d8889a28d0407844a8e597ac7497c18) Importer(815301076,1909f56bfc062723c751e8b465ee728b)
Start importing Assets/RF Castle/Palette/mainlevbuild_907.asset using Guid(8d8889a28d0407844a8e597ac7497c18) Importer(815301076,1909f56bfc062723c751e8b465ee728b)  -> (artifact id: 'b0e8e1d9fa2d5ba657db8e35885cca96') in 0.025366 seconds 
========================================================================
Received Import Request.
  Time since last request: 0.000066 seconds.
  path: Assets/RF Castle/Palette/mainlevbuild_917.asset
  artifactKey: Guid(aa3e7bcbaa55cfa43b8e246f61e15e8f) Importer(815301076,1909f56bfc062723c751e8b465ee728b)
Start importing Assets/RF Castle/Palette/mainlevbuild_917.asset using Guid(aa3e7bcbaa55cfa43b8e246f61e15e8f) Importer(815301076,1909f56bfc062723c751e8b465ee728b)  -> (artifact id: '556bb78ccf2bb46eb4ead4e1c8f66f87') in 0.028427 seconds 
========================================================================
Received Import Request.
  Time since last request: 0.000078 seconds.
  path: Assets/RF Castle/Palette/mainlevbuild_950.asset
  artifactKey: Guid(e4d43740f521182449a11f9b51041680) Importer(815301076,1909f56bfc062723c751e8b465ee728b)
Start importing Assets/RF Castle/Palette/mainlevbuild_950.asset using Guid(e4d43740f521182449a11f9b51041680) Importer(815301076,1909f56bfc062723c751e8b465ee728b)  -> (artifact id: 'f4aad3ea4d758c3d83e5906441d21114') in 0.035125 seconds 
========================================================================
Received Import Request.
  Time since last request: 0.000055 seconds.
  path: Assets/RF Castle/Palette/mainlevbuild_901.asset
  artifactKey: Guid(73b434dff57b07e488f4f0d14532fdc2) Importer(815301076,1909f56bfc062723c751e8b465ee728b)
Start importing Assets/RF Castle/Palette/mainlevbuild_901.asset using Guid(73b434dff57b07e488f4f0d14532fdc2) Importer(815301076,1909f56bfc062723c751e8b465ee728b)  -> (artifact id: '7df5fadf447003a96e1fc743830cc313') in 0.034129 seconds 
========================================================================
Received Import Request.
  Time since last request: 0.000074 seconds.
  path: Assets/RF Castle/Palette/mainlevbuild_955.asset
  artifactKey: Guid(f39aaccaf0c6d3f4e8bb0df892eaba87) Importer(815301076,1909f56bfc062723c751e8b465ee728b)
Start importing Assets/RF Castle/Palette/mainlevbuild_955.asset using Guid(f39aaccaf0c6d3f4e8bb0df892eaba87) Importer(815301076,1909f56bfc062723c751e8b465ee728b)  -> (artifact id: '9c6c8ca03352e36343acaf64428bf019') in 0.034369 seconds 
========================================================================
Received Import Request.
  Time since last request: 0.000074 seconds.
  path: Assets/RF Castle/Palette/mainlevbuild_921.asset
  artifactKey: Guid(795cc9e5628b3314ba3755b8d79c80dd) Importer(815301076,1909f56bfc062723c751e8b465ee728b)
Start importing Assets/RF Castle/Palette/mainlevbuild_921.asset using Guid(795cc9e5628b3314ba3755b8d79c80dd) Importer(815301076,1909f56bfc062723c751e8b465ee728b)  -> (artifact id: '9fca267b6b7e58885c00d65208b6272c') in 0.046330 seconds 
========================================================================
Received Import Request.
  Time since last request: 0.000049 seconds.
  path: Assets/RF Castle/Palette/mainlevbuild_953.asset
  artifactKey: Guid(faca8bc540babaf43b9d9ecb906c5644) Importer(815301076,1909f56bfc062723c751e8b465ee728b)
Start importing Assets/RF Castle/Palette/mainlevbuild_953.asset using Guid(faca8bc540babaf43b9d9ecb906c5644) Importer(815301076,1909f56bfc062723c751e8b465ee728b)  -> (artifact id: 'f45006265b8ebc0d9a5b98577bafbbcd') in 0.068947 seconds 
========================================================================
Received Import Request.
  Time since last request: 0.000161 seconds.
  path: Assets/RF Castle/Palette/mainlevbuild_924.asset
  artifactKey: Guid(245055c045674964f8a5d50dc0c0d701) Importer(815301076,1909f56bfc062723c751e8b465ee728b)
Start importing Assets/RF Castle/Palette/mainlevbuild_924.asset using Guid(245055c045674964f8a5d50dc0c0d701) Importer(815301076,1909f56bfc062723c751e8b465ee728b)  -> (artifact id: 'b01e0164c9f05859287dee020db7b79b') in 0.058449 seconds 
========================================================================
Received Import Request.
  Time since last request: 0.000135 seconds.
  path: Assets/RF Castle/Palette/mainlevbuild_937.asset
  artifactKey: Guid(8515ec9187cd0db4ea9b7f9cca649d8f) Importer(815301076,1909f56bfc062723c751e8b465ee728b)
Start importing Assets/RF Castle/Palette/mainlevbuild_937.asset using Guid(8515ec9187cd0db4ea9b7f9cca649d8f) Importer(815301076,1909f56bfc062723c751e8b465ee728b)  -> (artifact id: '2e03be268d5199c36a20d13388d97a50') in 0.031542 seconds 
========================================================================
Received Import Request.
  Time since last request: 0.000111 seconds.
  path: Assets/RF Castle/Palette/mainlevbuild_944.asset
  artifactKey: Guid(3661acdfb4a5e95479238b667120e602) Importer(815301076,1909f56bfc062723c751e8b465ee728b)
Start importing Assets/RF Castle/Palette/mainlevbuild_944.asset using Guid(3661acdfb4a5e95479238b667120e602) Importer(815301076,1909f56bfc062723c751e8b465ee728b)  -> (artifact id: '6ed8a1eb2f83a7daaa0b3b298080dc25') in 0.032726 seconds 
========================================================================
Received Import Request.
  Time since last request: 0.000134 seconds.
  path: Assets/RF Castle/Palette/mainlevbuild_954.asset
  artifactKey: Guid(54b838033c2bc8d4b9b2caa3a9049386) Importer(815301076,1909f56bfc062723c751e8b465ee728b)
Start importing Assets/RF Castle/Palette/mainlevbuild_954.asset using Guid(54b838033c2bc8d4b9b2caa3a9049386) Importer(815301076,1909f56bfc062723c751e8b465ee728b)  -> (artifact id: 'c7b29ebd10bb70e4c9d93f3faa7f5d21') in 0.032629 seconds 
========================================================================
Received Import Request.
  Time since last request: 0.000056 seconds.
  path: Assets/RF Castle/Palette/mainlevbuild_949.asset
  artifactKey: Guid(d73675e17cf50074da34e9883ed18fda) Importer(815301076,1909f56bfc062723c751e8b465ee728b)
Start importing Assets/RF Castle/Palette/mainlevbuild_949.asset using Guid(d73675e17cf50074da34e9883ed18fda) Importer(815301076,1909f56bfc062723c751e8b465ee728b)  -> (artifact id: '76e62dd961e4fd539ac6f669653a7697') in 0.035089 seconds 
========================================================================
Received Import Request.
  Time since last request: 0.000093 seconds.
  path: Assets/RF Castle/Palette/mainlevbuild_939.asset
  artifactKey: Guid(a1b819373e6eaa640b82cfca301d3b94) Importer(815301076,1909f56bfc062723c751e8b465ee728b)
Start importing Assets/RF Castle/Palette/mainlevbuild_939.asset using Guid(a1b819373e6eaa640b82cfca301d3b94) Importer(815301076,1909f56bfc062723c751e8b465ee728b)  -> (artifact id: 'f5d2c77b4b7e9995c4bccdd1bff88def') in 0.025821 seconds 
========================================================================
Received Import Request.
  Time since last request: 0.000067 seconds.
  path: Assets/RF Castle/Palette/mainlevbuild_946.asset
  artifactKey: Guid(1e80d83491739074f965f9897a7d4802) Importer(815301076,1909f56bfc062723c751e8b465ee728b)
Start importing Assets/RF Castle/Palette/mainlevbuild_946.asset using Guid(1e80d83491739074f965f9897a7d4802) Importer(815301076,1909f56bfc062723c751e8b465ee728b)  -> (artifact id: '0ec98bef4207d06e68ad1fee5912e5f5') in 0.032182 seconds 
========================================================================
Received Import Request.
  Time since last request: 0.000071 seconds.
  path: Assets/RF Castle/Palette/mainlevbuild_920.asset
  artifactKey: Guid(5085504c868df354b84b5a1158e5be94) Importer(815301076,1909f56bfc062723c751e8b465ee728b)
Start importing Assets/RF Castle/Palette/mainlevbuild_920.asset using Guid(5085504c868df354b84b5a1158e5be94) Importer(815301076,1909f56bfc062723c751e8b465ee728b)  -> (artifact id: 'e9d172ce229313548d5acce329aa3cea') in 0.064130 seconds 
========================================================================
Received Import Request.
  Time since last request: 0.000216 seconds.
  path: Assets/RF Castle/Palette/mainlevbuild_910.asset
  artifactKey: Guid(05318327a3bbb2c4c9318381672fec1c) Importer(815301076,1909f56bfc062723c751e8b465ee728b)
Start importing Assets/RF Castle/Palette/mainlevbuild_910.asset using Guid(05318327a3bbb2c4c9318381672fec1c) Importer(815301076,1909f56bfc062723c751e8b465ee728b)  -> (artifact id: 'e7adaaeeed94bb54b0e281a5d249a11b') in 0.035772 seconds 
========================================================================
Received Import Request.
  Time since last request: 0.000048 seconds.
  path: Assets/RF Castle/Palette/mainlevbuild_911.asset
  artifactKey: Guid(de2ecdceac901f94a899b66a07183e72) Importer(815301076,1909f56bfc062723c751e8b465ee728b)
Start importing Assets/RF Castle/Palette/mainlevbuild_911.asset using Guid(de2ecdceac901f94a899b66a07183e72) Importer(815301076,1909f56bfc062723c751e8b465ee728b)  -> (artifact id: 'b8b2e5be90755ac764009699d6541586') in 0.034898 seconds 
========================================================================
Received Import Request.
  Time since last request: 0.000090 seconds.
  path: Assets/RF Castle/Palette/mainlevbuild_902.asset
  artifactKey: Guid(cc3934b544158f442ac70dafb47e634a) Importer(815301076,1909f56bfc062723c751e8b465ee728b)
Start importing Assets/RF Castle/Palette/mainlevbuild_902.asset using Guid(cc3934b544158f442ac70dafb47e634a) Importer(815301076,1909f56bfc062723c751e8b465ee728b)  -> (artifact id: '64187cdc049f67a32706324e0984e74e') in 0.027317 seconds 
========================================================================
Received Import Request.
  Time since last request: 0.000042 seconds.
  path: Assets/RF Castle/Palette/mainlevbuild_908.asset
  artifactKey: Guid(e4ee8b4fdcbba5745baf449f62b81310) Importer(815301076,1909f56bfc062723c751e8b465ee728b)
Start importing Assets/RF Castle/Palette/mainlevbuild_908.asset using Guid(e4ee8b4fdcbba5745baf449f62b81310) Importer(815301076,1909f56bfc062723c751e8b465ee728b)  -> (artifact id: '7cf272aa196bc24e0082a1a81393732e') in 0.042621 seconds 
========================================================================
Received Import Request.
  Time since last request: 0.000149 seconds.
  path: Assets/RF Castle/Palette/mainlevbuild_922.asset
  artifactKey: Guid(ee8de96ba254dca458ae52b36c7e92f1) Importer(815301076,1909f56bfc062723c751e8b465ee728b)
Start importing Assets/RF Castle/Palette/mainlevbuild_922.asset using Guid(ee8de96ba254dca458ae52b36c7e92f1) Importer(815301076,1909f56bfc062723c751e8b465ee728b)  -> (artifact id: '9be5304183769ac147f82ca08511fa76') in 0.047437 seconds 
Editor requested this worker to shutdown with reason: Scaling down because of idle timeout
AssetImportWorker is now disconnected from the server
Process exiting
Exiting without the bug reporter. Application will terminate with return code 0