Using pre-set license
Built from '2021.3/staging' branch; Version is '2021.3.14f1 (eee1884e7226) revision 15655304'; Using compiler version '192829333'; Build Type 'Release'
OS: 'Windows 10  (10.0.19045) 64bit Education' Language: 'ko' Physical Memory: 16318 MB
BatchMode: 1, IsHumanControllingUs: 0, StartBugReporterOnCrash: 0, Is64bit: 1, IsPro: 1

COMMAND LINE ARGUMENTS:
C:\Program Files\Unity\Hub\Editor\2021.3.14f1\Editor\Unity.exe
-adb2
-batchMode
-noUpm
-name
AssetImportWorker5
-projectPath
C:/Users/Administrator/Desktop/SnakeLike
-logFile
Logs/AssetImportWorker5.log
-srvPort
57264
Successfully changed project path to: C:/Users/Administrator/Desktop/SnakeLike
C:/Users/Administrator/Desktop/SnakeLike
[UnityMemory] Configuration Parameters - Can be set up in boot.config
    "memorysetup-bucket-allocator-granularity=16"
    "memorysetup-bucket-allocator-bucket-count=8"
    "memorysetup-bucket-allocator-block-size=33554432"
    "memorysetup-bucket-allocator-block-count=8"
    "memorysetup-main-allocator-block-size=16777216"
    "memorysetup-thread-allocator-block-size=16777216"
    "memorysetup-gfx-main-allocator-block-size=16777216"
    "memorysetup-gfx-thread-allocator-block-size=16777216"
    "memorysetup-cache-allocator-block-size=4194304"
    "memorysetup-typetree-allocator-block-size=2097152"
    "memorysetup-profiler-bucket-allocator-granularity=16"
    "memorysetup-profiler-bucket-allocator-bucket-count=8"
    "memorysetup-profiler-bucket-allocator-block-size=33554432"
    "memorysetup-profiler-bucket-allocator-block-count=8"
    "memorysetup-profiler-allocator-block-size=16777216"
    "memorysetup-profiler-editor-allocator-block-size=1048576"
    "memorysetup-temp-allocator-size-main=16777216"
    "memorysetup-job-temp-allocator-block-size=2097152"
    "memorysetup-job-temp-allocator-block-size-background=1048576"
    "memorysetup-job-temp-allocator-reduction-small-platforms=262144"
    "memorysetup-temp-allocator-size-background-worker=32768"
    "memorysetup-temp-allocator-size-job-worker=262144"
    "memorysetup-temp-allocator-size-preload-manager=33554432"
    "memorysetup-temp-allocator-size-nav-mesh-worker=65536"
    "memorysetup-temp-allocator-size-audio-worker=65536"
    "memorysetup-temp-allocator-size-cloud-worker=32768"
    "memorysetup-temp-allocator-size-gi-baking-worker=262144"
    "memorysetup-temp-allocator-size-gfx=262144"
Refreshing native plugins compatible for Editor in 112.08 ms, found 4 plugins.
Preloading 0 native plugins for Editor in 0.00 ms.
Initialize engine version: 2021.3.14f1 (eee1884e7226)
[Subsystems] Discovering subsystems at path C:/Program Files/Unity/Hub/Editor/2021.3.14f1/Editor/Data/Resources/UnitySubsystems
[Subsystems] Discovering subsystems at path C:/Users/Administrator/Desktop/SnakeLike/Assets
GfxDevice: creating device client; threaded=0; jobified=0
Direct3D:
    Version:  Direct3D 11.0 [level 11.1]
    Renderer: NVIDIA GeForce GTX 1660 (ID=0x2184)
    Vendor:   NVIDIA
    VRAM:     5991 MB
    Driver:   31.0.15.1694
Initialize mono
Mono path[0] = 'C:/Program Files/Unity/Hub/Editor/2021.3.14f1/Editor/Data/Managed'
Mono path[1] = 'C:/Program Files/Unity/Hub/Editor/2021.3.14f1/Editor/Data/MonoBleedingEdge/lib/mono/unityjit-win32'
Mono config path = 'C:/Program Files/Unity/Hub/Editor/2021.3.14f1/Editor/Data/MonoBleedingEdge/etc'
Using monoOptions --debugger-agent=transport=dt_socket,embedding=1,server=y,suspend=n,address=127.0.0.1:56352
Begin MonoManager ReloadAssembly
Registering precompiled unity dll's ...
Register platform support module: C:/Program Files/Unity/Hub/Editor/2021.3.14f1/Editor/Data/PlaybackEngines/WindowsStandaloneSupport/UnityEditor.WindowsStandalone.Extensions.dll
Registered in 0.017155 seconds.
Native extension for WindowsStandalone target not found
Refreshing native plugins compatible for Editor in 209.83 ms, found 4 plugins.
Preloading 0 native plugins for Editor in 0.00 ms.
Mono: successfully reloaded assembly
- Completed reload, in  1.629 seconds
Domain Reload Profiling:
	ReloadAssembly (1632ms)
		BeginReloadAssembly (187ms)
			ExecutionOrderSort (0ms)
			DisableScriptedObjects (0ms)
			BackupInstance (0ms)
			ReleaseScriptingObjects (0ms)
			CreateAndSetChildDomain (1ms)
		EndReloadAssembly (1127ms)
			LoadAssemblies (184ms)
			RebuildTransferFunctionScriptingTraits (0ms)
			SetupTypeCache (243ms)
			ReleaseScriptCaches (0ms)
			RebuildScriptCaches (71ms)
			SetupLoadedEditorAssemblies (695ms)
				LogAssemblyErrors (0ms)
				InitializePlatformSupportModulesInManaged (16ms)
				SetLoadedEditorAssemblies (0ms)
				RefreshPlugins (210ms)
				BeforeProcessingInitializeOnLoad (3ms)
				ProcessInitializeOnLoadAttributes (371ms)
				ProcessInitializeOnLoadMethodAttributes (95ms)
				AfterProcessingInitializeOnLoad (0ms)
				EditorAssembliesLoaded (0ms)
			ExecutionOrderSort2 (0ms)
			AwakeInstancesAfterBackupRestoration (0ms)
Platform modules already initialized, skipping
Registering precompiled user dll's ...
Registered in 0.015654 seconds.
Begin MonoManager ReloadAssembly
Symbol file LoadedFromMemory doesn't match image C:\Users\Administrator\Desktop\SnakeLike\Library\PackageCache\com.unity.visualscripting@1.7.8\Editor\VisualScripting.Core\Dependencies\YamlDotNet\Unity.VisualScripting.YamlDotNet.dll
Symbol file LoadedFromMemory doesn't match image C:\Users\Administrator\Desktop\SnakeLike\Library\PackageCache\com.unity.visualscripting@1.7.8\Editor\VisualScripting.Core\Dependencies\DotNetZip\Unity.VisualScripting.IonicZip.dll
Native extension for WindowsStandalone target not found
Refreshing native plugins compatible for Editor in 122.65 ms, found 4 plugins.
Preloading 0 native plugins for Editor in 0.00 ms.
Mono: successfully reloaded assembly
- Completed reload, in  1.559 seconds
Domain Reload Profiling:
	ReloadAssembly (1561ms)
		BeginReloadAssembly (209ms)
			ExecutionOrderSort (0ms)
			DisableScriptedObjects (11ms)
			BackupInstance (0ms)
			ReleaseScriptingObjects (1ms)
			CreateAndSetChildDomain (48ms)
		EndReloadAssembly (1202ms)
			LoadAssemblies (131ms)
			RebuildTransferFunctionScriptingTraits (0ms)
			SetupTypeCache (303ms)
			ReleaseScriptCaches (1ms)
			RebuildScriptCaches (82ms)
			SetupLoadedEditorAssemblies (630ms)
				LogAssemblyErrors (0ms)
				InitializePlatformSupportModulesInManaged (7ms)
				SetLoadedEditorAssemblies (0ms)
				RefreshPlugins (123ms)
				BeforeProcessingInitializeOnLoad (140ms)
				ProcessInitializeOnLoadAttributes (274ms)
				ProcessInitializeOnLoadMethodAttributes (67ms)
				AfterProcessingInitializeOnLoad (18ms)
				EditorAssembliesLoaded (1ms)
			ExecutionOrderSort2 (0ms)
			AwakeInstancesAfterBackupRestoration (12ms)
Platform modules already initialized, skipping
========================================================================
Worker process is ready to serve import requests
Launched and connected shader compiler UnityShaderCompiler.exe after 0.07 seconds
Refreshing native plugins compatible for Editor in 1.63 ms, found 4 plugins.
Preloading 0 native plugins for Editor in 0.00 ms.
Unloading 4043 Unused Serialized files (Serialized files now loaded: 0)
Unloading 44 unused Assets / (229.3 KB). Loaded Objects now: 4493.
Memory consumption went from 155.1 MB to 154.8 MB.
Total: 5.718500 ms (FindLiveObjects: 0.481600 ms CreateObjectMapping: 0.351300 ms MarkObjects: 4.600200 ms  DeleteObjects: 0.283500 ms)

AssetImportParameters requested are different than current active one (requested -> active):
  custom:video-decoder-ogg-theora: a1e56fd34408186e4bbccfd4996cb3dc -> 
  custom:container-muxer-webm: aa71ff27fc2769a1b78a27578f13a17b -> 
  custom:container-demuxer-webm: 4f35f7cbe854078d1ac9338744f61a02 -> 
  custom:video-encoder-webm-vp8: eb34c28f22e8b96e1ab97ce403110664 -> 
  custom:audio-encoder-webm-vorbis: bf7c407c2cedff20999df2af8eb42d56 -> 
  custom:framework-win-MediaFoundation: 216162199b28c13a410421893ffa2e32 -> 
  custom:container-demuxer-ogg: 62fdf1f143b41e24485cea50d1cbac27 -> 
  custom:video-decoder-webm-vp8: 9c59270c3fd7afecdb556c50c9e8de78 -> 
  custom:audio-decoder-ogg-vorbis: bf7c407c2cedff20999df2af8eb42d56 -> 
========================================================================
Received Import Request.
  Time since last request: 45257.882794 seconds.
  path: Assets/RF Castle/Palette/mainlevbuild_749.asset
  artifactKey: Guid(bb5b56c1e9daf8345b4f8e53ff5960b4) Importer(815301076,1909f56bfc062723c751e8b465ee728b)
Start importing Assets/RF Castle/Palette/mainlevbuild_749.asset using Guid(bb5b56c1e9daf8345b4f8e53ff5960b4) Importer(815301076,1909f56bfc062723c751e8b465ee728b)  -> (artifact id: 'e026e5213dc4dae05723316ea890b9ff') in 0.165334 seconds 
========================================================================
Received Import Request.
  Time since last request: 0.000041 seconds.
  path: Assets/RF Castle/Palette/mainlevbuild_763.asset
  artifactKey: Guid(10df404c2c20197448f01418ccb8bb17) Importer(815301076,1909f56bfc062723c751e8b465ee728b)
Start importing Assets/RF Castle/Palette/mainlevbuild_763.asset using Guid(10df404c2c20197448f01418ccb8bb17) Importer(815301076,1909f56bfc062723c751e8b465ee728b)  -> (artifact id: 'b1c765efbe41359c77ddefdbc66b1b51') in 0.035156 seconds 
========================================================================
Received Import Request.
  Time since last request: 0.000084 seconds.
  path: Assets/RF Castle/Palette/mainlevbuild_753.asset
  artifactKey: Guid(3a725ea8f0003ea4785262b81c074bf0) Importer(815301076,1909f56bfc062723c751e8b465ee728b)
Start importing Assets/RF Castle/Palette/mainlevbuild_753.asset using Guid(3a725ea8f0003ea4785262b81c074bf0) Importer(815301076,1909f56bfc062723c751e8b465ee728b)  -> (artifact id: '40731e43e6b5fdb92a1a183817d4e873') in 0.033229 seconds 
========================================================================
Received Import Request.
  Time since last request: 0.000047 seconds.
  path: Assets/RF Castle/Palette/mainlevbuild_754.asset
  artifactKey: Guid(99b7f48beec55a04182bd4fb89500204) Importer(815301076,1909f56bfc062723c751e8b465ee728b)
Start importing Assets/RF Castle/Palette/mainlevbuild_754.asset using Guid(99b7f48beec55a04182bd4fb89500204) Importer(815301076,1909f56bfc062723c751e8b465ee728b)  -> (artifact id: '62a7576312334751ae9277f971b6494b') in 0.034426 seconds 
========================================================================
Received Import Request.
  Time since last request: 0.000043 seconds.
  path: Assets/RF Castle/Palette/mainlevbuild_755.asset
  artifactKey: Guid(4cd12a30be2e2bc4d8f192c36d1d655b) Importer(815301076,1909f56bfc062723c751e8b465ee728b)
Start importing Assets/RF Castle/Palette/mainlevbuild_755.asset using Guid(4cd12a30be2e2bc4d8f192c36d1d655b) Importer(815301076,1909f56bfc062723c751e8b465ee728b)  -> (artifact id: '056f99e8a51972980ff415daded7c540') in 0.028422 seconds 
========================================================================
Received Import Request.
  Time since last request: 0.000051 seconds.
  path: Assets/RF Castle/Palette/mainlevbuild_758.asset
  artifactKey: Guid(3951bf5ae4cbc6e4db80f25636ea2fc0) Importer(815301076,1909f56bfc062723c751e8b465ee728b)
Start importing Assets/RF Castle/Palette/mainlevbuild_758.asset using Guid(3951bf5ae4cbc6e4db80f25636ea2fc0) Importer(815301076,1909f56bfc062723c751e8b465ee728b)  -> (artifact id: '84fd0e322cda3bbf83f1fcaf492e136a') in 0.023384 seconds 
========================================================================
Received Import Request.
  Time since last request: 0.000036 seconds.
  path: Assets/RF Castle/Palette/mainlevbuild_767.asset
  artifactKey: Guid(6c45d57a7cea58f498944742bcb2cc33) Importer(815301076,1909f56bfc062723c751e8b465ee728b)
Start importing Assets/RF Castle/Palette/mainlevbuild_767.asset using Guid(6c45d57a7cea58f498944742bcb2cc33) Importer(815301076,1909f56bfc062723c751e8b465ee728b)  -> (artifact id: 'c260f2e07b7c6b60d27d06b4178144f3') in 0.023164 seconds 
========================================================================
Received Import Request.
  Time since last request: 0.000089 seconds.
  path: Assets/RF Castle/Palette/mainlevbuild_760.asset
  artifactKey: Guid(62b4113194b06d94db43578301c6f2b1) Importer(815301076,1909f56bfc062723c751e8b465ee728b)
Start importing Assets/RF Castle/Palette/mainlevbuild_760.asset using Guid(62b4113194b06d94db43578301c6f2b1) Importer(815301076,1909f56bfc062723c751e8b465ee728b)  -> (artifact id: 'ba4bcd953c24cb3f65fb61cd4edc3b5f') in 0.025676 seconds 
========================================================================
Received Import Request.
  Time since last request: 0.412213 seconds.
  path: Assets/RF Castle/Palette/mainlevbuild_738.asset
  artifactKey: Guid(eb77a5be2e705f149b2363abbd78b142) Importer(815301076,1909f56bfc062723c751e8b465ee728b)
Start importing Assets/RF Castle/Palette/mainlevbuild_738.asset using Guid(eb77a5be2e705f149b2363abbd78b142) Importer(815301076,1909f56bfc062723c751e8b465ee728b)  -> (artifact id: '4a390bd0707da691b45451827de792e5') in 0.026141 seconds 
========================================================================
Received Import Request.
  Time since last request: 0.000025 seconds.
  path: Assets/RF Castle/Palette/mainlevbuild_744.asset
  artifactKey: Guid(eca2f4f6bb86661488240605d4874a7d) Importer(815301076,1909f56bfc062723c751e8b465ee728b)
Start importing Assets/RF Castle/Palette/mainlevbuild_744.asset using Guid(eca2f4f6bb86661488240605d4874a7d) Importer(815301076,1909f56bfc062723c751e8b465ee728b)  -> (artifact id: 'c256f6cfd8a21226aabf2c082b76196f') in 0.022858 seconds 
========================================================================
Received Import Request.
  Time since last request: 0.000097 seconds.
  path: Assets/RF Castle/Palette/mainlevbuild_739.asset
  artifactKey: Guid(fda45d54e90fd8740a6855ccca05904a) Importer(815301076,1909f56bfc062723c751e8b465ee728b)
Start importing Assets/RF Castle/Palette/mainlevbuild_739.asset using Guid(fda45d54e90fd8740a6855ccca05904a) Importer(815301076,1909f56bfc062723c751e8b465ee728b)  -> (artifact id: '7505da940a68a37271deb88a22f9b0db') in 0.032758 seconds 
========================================================================
Received Import Request.
  Time since last request: 0.000039 seconds.
  path: Assets/RF Castle/Palette/mainlevbuild_747.asset
  artifactKey: Guid(9d245fb4cc05b9e449c98415628ed6a2) Importer(815301076,1909f56bfc062723c751e8b465ee728b)
Start importing Assets/RF Castle/Palette/mainlevbuild_747.asset using Guid(9d245fb4cc05b9e449c98415628ed6a2) Importer(815301076,1909f56bfc062723c751e8b465ee728b)  -> (artifact id: 'd2e485f619b67bad21b2f392c8a22799') in 0.027474 seconds 
========================================================================
Received Import Request.
  Time since last request: 0.000066 seconds.
  path: Assets/RF Castle/Palette/mainlevbuild_745.asset
  artifactKey: Guid(632b3c8d5f186a944a8237c37d13c8d3) Importer(815301076,1909f56bfc062723c751e8b465ee728b)
Start importing Assets/RF Castle/Palette/mainlevbuild_745.asset using Guid(632b3c8d5f186a944a8237c37d13c8d3) Importer(815301076,1909f56bfc062723c751e8b465ee728b)  -> (artifact id: 'ec1b439ef7964d3d3063ea0980f7cac5') in 0.025776 seconds 
Editor requested this worker to shutdown with reason: Scaling down because of idle timeout
AssetImportWorker is now disconnected from the server
Process exiting
Exiting without the bug reporter. Application will terminate with return code 0